#
# There is insufficient memory for the Java Runtime Environment to continue.
# Native memory allocation (malloc) failed to allocate 1404576 bytes for Chunk::new
# Possible reasons:
#   The system is out of physical RAM or swap space
#   In 32 bit mode, the process size limit was hit
# Possible solutions:
#   Reduce memory load on the system
#   Increase physical memory or swap space
#   Check if swap backing store is full
#   Use 64 bit Java on a 64 bit OS
#   Decrease Java heap size (-Xmx/-Xms)
#   Decrease number of Java threads
#   Decrease Java thread stack sizes (-Xss)
#   Set larger code cache with -XX:ReservedCodeCacheSize=
# This output file may be truncated or incomplete.
#
#  Out of Memory Error (allocation.cpp:390), pid=7144, tid=4632
#
# JRE version: Java(TM) SE Runtime Environment (8.0_51-b16) (build 1.8.0_51-b16)
# Java VM: Java HotSpot(TM) 64-Bit Server VM (25.51-b03 mixed mode windows-amd64 compressed oops)
# Failed to write core dump. Minidumps are not enabled by default on client versions of Windows
#

---------------  T H R E A D  ---------------

Current thread (0x000000005522f000):  JavaThread "C2 CompilerThread0" daemon [_thread_in_native, id=4632, stack(0x0000000056c10000,0x0000000056d10000)]

Stack: [0x0000000056c10000,0x0000000056d10000]
Native frames: (J=compiled Java code, j=interpreted, Vv=VM code, C=native code)
V  [jvm.dll+0x32b4ca]


Current CompileTask:
C2:   2175 1084   !   4       java.net.URL::<init> (543 bytes)


---------------  P R O C E S S  ---------------

Java Threads: ( => current thread )
  0x0000000057e7e800 JavaThread "background-preinit" [_thread_in_native, id=4524, stack(0x00000000598b0000,0x00000000599b0000)]
  0x0000000057cf1000 JavaThread "restartedMain" [_thread_in_vm, id=5032, stack(0x00000000587b0000,0x00000000588b0000)]
  0x0000000057cb8000 JavaThread "Thread-1" [_thread_blocked, id=880, stack(0x0000000057530000,0x0000000057630000)]
  0x0000000057814000 JavaThread "RMI TCP Accept-0" daemon [_thread_in_native, id=3128, stack(0x0000000058200000,0x0000000058300000)]
  0x0000000057811000 JavaThread "RMI TCP Accept-58190" daemon [_thread_in_native, id=5388, stack(0x00000000580d0000,0x00000000581d0000)]
  0x0000000057826000 JavaThread "RMI TCP Accept-0" daemon [_thread_in_native, id=6196, stack(0x0000000057f20000,0x0000000058020000)]
  0x00000000566f7800 JavaThread "Service Thread" daemon [_thread_blocked, id=3416, stack(0x0000000056f70000,0x0000000057070000)]
  0x000000005668b000 JavaThread "C1 CompilerThread2" daemon [_thread_in_vm, id=4456, stack(0x0000000056d50000,0x0000000056e50000)]
  0x0000000056687000 JavaThread "C2 CompilerThread1" daemon [_thread_in_native, id=5332, stack(0x0000000056ad0000,0x0000000056bd0000)]
=>0x000000005522f000 JavaThread "C2 CompilerThread0" daemon [_thread_in_native, id=4632, stack(0x0000000056c10000,0x0000000056d10000)]
  0x000000005522d000 JavaThread "Attach Listener" daemon [_thread_blocked, id=5960, stack(0x0000000056470000,0x0000000056570000)]
  0x0000000055229800 JavaThread "Signal Dispatcher" daemon [_thread_blocked, id=5936, stack(0x0000000056570000,0x0000000056670000)]
  0x00000000551c5800 JavaThread "Finalizer" daemon [_thread_blocked, id=1524, stack(0x0000000056330000,0x0000000056430000)]
  0x00000000551c4000 JavaThread "Reference Handler" daemon [_thread_blocked, id=5052, stack(0x0000000056160000,0x0000000056260000)]
  0x000000000228b000 JavaThread "main" [_thread_blocked, id=6396, stack(0x0000000002650000,0x0000000002750000)]

Other Threads:
  0x00000000551be000 VMThread [stack: 0x0000000056050000,0x0000000056150000] [id=3308]
  0x00000000578ea800 WatcherThread [stack: 0x00000000583d0000,0x00000000584d0000] [id=5604]

VM state:not at safepoint (normal execution)

VM Mutex/Monitor currently owned by a thread: None

Heap:
 PSYoungGen      total 34304K, used 14972K [0x00000000eb600000, 0x00000000eda00000, 0x0000000100000000)
  eden space 31744K, 39% used [0x00000000eb600000,0x00000000ec227380,0x00000000ed500000)
  from space 2560K, 98% used [0x00000000ed780000,0x00000000ed9f8020,0x00000000eda00000)
  to   space 2560K, 0% used [0x00000000ed500000,0x00000000ed500000,0x00000000ed780000)
 ParOldGen       total 42496K, used 9436K [0x00000000c2200000, 0x00000000c4b80000, 0x00000000eb600000)
  object space 42496K, 22% used [0x00000000c2200000,0x00000000c2b37088,0x00000000c4b80000)
 Metaspace       used 17075K, capacity 17266K, committed 17408K, reserved 1064960K
  class space    used 2164K, capacity 2192K, committed 2304K, reserved 1048576K

Card table byte_map: [0x0000000011de0000,0x0000000011fd0000] byte_map_base: 0x00000000117cf000

Marking Bits: (ParMarkBitMap*) 0x0000000062654040
 Begin Bits: [0x0000000012750000, 0x00000000136c8000)
 End Bits:   [0x00000000136c8000, 0x0000000014640000)

Polling page: 0x0000000000120000

CodeCache: size=245760Kb used=4748Kb max_used=4748Kb free=241011Kb
 bounds [0x0000000002a20000, 0x0000000002ed0000, 0x0000000011a20000]
 total_blobs=1638 nmethods=1273 adapters=278
 compilation: enabled

Compilation events (10 events):
Event: 2.093 Thread 0x000000005668b000 nmethod 1200 0x0000000002e68890 code [0x0000000002e68cc0, 0x0000000002e6be78]
Event: 2.093 Thread 0x000000005668b000 1208       2       java.lang.String::regionMatches (149 bytes)
Event: 2.094 Thread 0x000000005668b000 nmethod 1208 0x0000000002e5ae90 code [0x0000000002e5b080, 0x0000000002e5b598]
Event: 2.094 Thread 0x000000005668b000 1203       3       java.util.concurrent.locks.ReentrantReadWriteLock$Sync::exclusiveCount (5 bytes)
Event: 2.094 Thread 0x000000005668b000 nmethod 1203 0x0000000002e5ab90 code [0x0000000002e5ace0, 0x0000000002e5ae10]
Event: 2.094 Thread 0x000000005668b000 1190       3       org.apache.tomcat.util.digester.Digester::getRules (33 bytes)
Event: 2.095 Thread 0x000000005668b000 nmethod 1190 0x0000000002e5a650 code [0x0000000002e5a7c0, 0x0000000002e5aa58]
Event: 2.095 Thread 0x000000005668b000 1205   !   3       sun.reflect.GeneratedMethodAccessor3::invoke (66 bytes)
Event: 2.095 Thread 0x000000005668b000 nmethod 1205 0x0000000002e5f010 code [0x0000000002e5f200, 0x0000000002e5f9b8]
Event: 2.095 Thread 0x000000005668b000 1210       3       com.sun.org.apache.xerces.internal.util.XMLStringBuffer::clear (11 bytes)

GC Heap History (8 events):
Event: 1.170 GC heap before
{Heap before GC invocations=1 (full 0):
 PSYoungGen      total 18432K, used 15872K [0x00000000eb600000, 0x00000000eca80000, 0x0000000100000000)
  eden space 15872K, 100% used [0x00000000eb600000,0x00000000ec580000,0x00000000ec580000)
  from space 2560K, 0% used [0x00000000ec800000,0x00000000ec800000,0x00000000eca80000)
  to   space 2560K, 0% used [0x00000000ec580000,0x00000000ec580000,0x00000000ec800000)
 ParOldGen       total 42496K, used 0K [0x00000000c2200000, 0x00000000c4b80000, 0x00000000eb600000)
  object space 42496K, 0% used [0x00000000c2200000,0x00000000c2200000,0x00000000c4b80000)
 Metaspace       used 9086K, capacity 9236K, committed 9472K, reserved 1056768K
  class space    used 1126K, capacity 1178K, committed 1280K, reserved 1048576K
Event: 1.176 GC heap after
Heap after GC invocations=1 (full 0):
 PSYoungGen      total 18432K, used 2558K [0x00000000eb600000, 0x00000000eca80000, 0x0000000100000000)
  eden space 15872K, 0% used [0x00000000eb600000,0x00000000eb600000,0x00000000ec580000)
  from space 2560K, 99% used [0x00000000ec580000,0x00000000ec7ffa08,0x00000000ec800000)
  to   space 2560K, 0% used [0x00000000ec800000,0x00000000ec800000,0x00000000eca80000)
 ParOldGen       total 42496K, used 804K [0x00000000c2200000, 0x00000000c4b80000, 0x00000000eb600000)
  object space 42496K, 1% used [0x00000000c2200000,0x00000000c22c91d8,0x00000000c4b80000)
 Metaspace       used 9086K, capacity 9236K, committed 9472K, reserved 1056768K
  class space    used 1126K, capacity 1178K, committed 1280K, reserved 1048576K
}
Event: 1.480 GC heap before
{Heap before GC invocations=2 (full 0):
 PSYoungGen      total 18432K, used 18430K [0x00000000eb600000, 0x00000000eca80000, 0x0000000100000000)
  eden space 15872K, 100% used [0x00000000eb600000,0x00000000ec580000,0x00000000ec580000)
  from space 2560K, 99% used [0x00000000ec580000,0x00000000ec7ffa08,0x00000000ec800000)
  to   space 2560K, 0% used [0x00000000ec800000,0x00000000ec800000,0x00000000eca80000)
 ParOldGen       total 42496K, used 804K [0x00000000c2200000, 0x00000000c4b80000, 0x00000000eb600000)
  object space 42496K, 1% used [0x00000000c2200000,0x00000000c22c91d8,0x00000000c4b80000)
 Metaspace       used 11092K, capacity 11194K, committed 11264K, reserved 1058816K
  class space    used 1419K, capacity 1468K, committed 1536K, reserved 1048576K
Event: 1.508 GC heap after
Heap after GC invocations=2 (full 0):
 PSYoungGen      total 18432K, used 2560K [0x00000000eb600000, 0x00000000eda00000, 0x0000000100000000)
  eden space 15872K, 0% used [0x00000000eb600000,0x00000000eb600000,0x00000000ec580000)
  from space 2560K, 100% used [0x00000000ec800000,0x00000000eca80000,0x00000000eca80000)
  to   space 2560K, 0% used [0x00000000ec580000,0x00000000ec580000,0x00000000ec800000)
 ParOldGen       total 42496K, used 5110K [0x00000000c2200000, 0x00000000c4b80000, 0x00000000eb600000)
  object space 42496K, 12% used [0x00000000c2200000,0x00000000c26fd928,0x00000000c4b80000)
 Metaspace       used 11092K, capacity 11194K, committed 11264K, reserved 1058816K
  class space    used 1419K, capacity 1468K, committed 1536K, reserved 1048576K
}
Event: 1.742 GC heap before
{Heap before GC invocations=3 (full 0):
 PSYoungGen      total 18432K, used 18432K [0x00000000eb600000, 0x00000000eda00000, 0x0000000100000000)
  eden space 15872K, 100% used [0x00000000eb600000,0x00000000ec580000,0x00000000ec580000)
  from space 2560K, 100% used [0x00000000ec800000,0x00000000eca80000,0x00000000eca80000)
  to   space 2560K, 0% used [0x00000000ec580000,0x00000000ec580000,0x00000000ec800000)
 ParOldGen       total 42496K, used 5110K [0x00000000c2200000, 0x00000000c4b80000, 0x00000000eb600000)
  object space 42496K, 12% used [0x00000000c2200000,0x00000000c26fd928,0x00000000c4b80000)
 Metaspace       used 13463K, capacity 13626K, committed 13824K, reserved 1060864K
  class space    used 1682K, capacity 1724K, committed 1792K, reserved 1048576K
Event: 1.749 GC heap after
Heap after GC invocations=3 (full 0):
 PSYoungGen      total 18432K, used 2528K [0x00000000eb600000, 0x00000000eda00000, 0x0000000100000000)
  eden space 15872K, 0% used [0x00000000eb600000,0x00000000eb600000,0x00000000ec580000)
  from space 2560K, 98% used [0x00000000ec580000,0x00000000ec7f8020,0x00000000ec800000)
  to   space 2560K, 0% used [0x00000000ed780000,0x00000000ed780000,0x00000000eda00000)
 ParOldGen       total 42496K, used 7353K [0x00000000c2200000, 0x00000000c4b80000, 0x00000000eb600000)
  object space 42496K, 17% used [0x00000000c2200000,0x00000000c292e448,0x00000000c4b80000)
 Metaspace       used 13463K, capacity 13626K, committed 13824K, reserved 1060864K
  class space    used 1682K, capacity 1724K, committed 1792K, reserved 1048576K
}
Event: 1.903 GC heap before
{Heap before GC invocations=4 (full 0):
 PSYoungGen      total 18432K, used 18400K [0x00000000eb600000, 0x00000000eda00000, 0x0000000100000000)
  eden space 15872K, 100% used [0x00000000eb600000,0x00000000ec580000,0x00000000ec580000)
  from space 2560K, 98% used [0x00000000ec580000,0x00000000ec7f8020,0x00000000ec800000)
  to   space 2560K, 0% used [0x00000000ed780000,0x00000000ed780000,0x00000000eda00000)
 ParOldGen       total 42496K, used 7353K [0x00000000c2200000, 0x00000000c4b80000, 0x00000000eb600000)
  object space 42496K, 17% used [0x00000000c2200000,0x00000000c292e448,0x00000000c4b80000)
 Metaspace       used 15294K, capacity 15386K, committed 15616K, reserved 1062912K
  class space    used 1925K, capacity 1948K, committed 2048K, reserved 1048576K
Event: 1.910 GC heap after
Heap after GC invocations=4 (full 0):
 PSYoungGen      total 34304K, used 2528K [0x00000000eb600000, 0x00000000eda00000, 0x0000000100000000)
  eden space 31744K, 0% used [0x00000000eb600000,0x00000000eb600000,0x00000000ed500000)
  from space 2560K, 98% used [0x00000000ed780000,0x00000000ed9f8020,0x00000000eda00000)
  to   space 2560K, 0% used [0x00000000ed500000,0x00000000ed500000,0x00000000ed780000)
 ParOldGen       total 42496K, used 9436K [0x00000000c2200000, 0x00000000c4b80000, 0x00000000eb600000)
  object space 42496K, 22% used [0x00000000c2200000,0x00000000c2b37088,0x00000000c4b80000)
 Metaspace       used 15294K, capacity 15386K, committed 15616K, reserved 1062912K
  class space    used 1925K, capacity 1948K, committed 2048K, reserved 1048576K
}

Deoptimization events (7 events):
Event: 1.162 Thread 0x000000000228b000 Uncommon trap: reason=range_check action=make_not_entrant pc=0x0000000002cb2790 method=sun.reflect.generics.parser.SignatureParser.current()C @ 34
Event: 1.253 Thread 0x0000000057cf1000 Uncommon trap: reason=unstable_if action=reinterpret pc=0x0000000002c6d600 method=sun.misc.URLClassPath.getLoader(I)Lsun/misc/URLClassPath$Loader; @ 36
Event: 1.382 Thread 0x0000000057cf1000 Uncommon trap: reason=unstable_if action=reinterpret pc=0x0000000002d2b2d8 method=java.util.Properties$LineReader.readLine()I @ 37
Event: 1.383 Thread 0x0000000057cf1000 Uncommon trap: reason=unstable_if action=reinterpret pc=0x0000000002d0d254 method=java.util.Properties$LineReader.readLine()I @ 105
Event: 1.892 Thread 0x0000000057cf1000 Uncommon trap: reason=unstable_if action=reinterpret pc=0x0000000002ceb3a0 method=java.util.HashMap.hash(Ljava/lang/Object;)I @ 1
Event: 1.894 Thread 0x0000000057cf1000 Uncommon trap: reason=unstable_if action=reinterpret pc=0x0000000002de3e24 method=java.util.HashMap.hash(Ljava/lang/Object;)I @ 1
Event: 1.986 Thread 0x0000000057cf1000 Uncommon trap: reason=predicate action=maybe_recompile pc=0x0000000002de730c method=java.lang.String.regionMatches(ZILjava/lang/String;II)Z @ 63

Internal exceptions (10 events):
Event: 1.146 Thread 0x000000000228b000 Exception <a 'java/lang/ArrayIndexOutOfBoundsException'> (0x00000000ec492530) thrown at [C:\re\workspace\8-2-build-windows-amd64-cygwin\jdk8u51\3951\hotspot\src\share\vm\runtime\sharedRuntime.cpp, line 605]
Event: 1.162 Thread 0x000000000228b000 Exception <a 'java/lang/ArrayIndexOutOfBoundsException': 112> (0x00000000ec5112f8) thrown at [C:\re\workspace\8-2-build-windows-amd64-cygwin\jdk8u51\3951\hotspot\src\share\vm\interpreter\interpreterRuntime.cpp, line 366]
Event: 1.163 Thread 0x000000000228b000 Exception <a 'java/lang/ArrayIndexOutOfBoundsException': 112> (0x00000000ec517df8) thrown at [C:\re\workspace\8-2-build-windows-amd64-cygwin\jdk8u51\3951\hotspot\src\share\vm\interpreter\interpreterRuntime.cpp, line 366]
Event: 1.335 Thread 0x0000000057cf1000 Exception <a 'java/io/FileNotFoundException'> (0x00000000ebcc32d8) thrown at [C:\re\workspace\8-2-build-windows-amd64-cygwin\jdk8u51\3951\hotspot\src\share\vm\prims\jni.cpp, line 709]
Event: 1.382 Thread 0x0000000057cf1000 Implicit null exception at 0x0000000002d2ad09 to 0x0000000002d2b2ad
Event: 1.513 Thread 0x0000000057cf1000 Exception <a 'java/lang/ClassNotFoundException': java/lang/ObjectCustomizer> (0x00000000eb64d288) thrown at [C:\re\workspace\8-2-build-windows-amd64-cygwin\jdk8u51\3951\hotspot\src\share\vm\classfile\systemDictionary.cpp, line 210]
Event: 1.519 Thread 0x0000000057cf1000 Exception <a 'java/lang/ClassNotFoundException': org/springframework/boot/SpringApplicationCustomizer> (0x00000000eb67e498) thrown at [C:\re\workspace\8-2-build-windows-amd64-cygwin\jdk8u51\3951\hotspot\src\share\vm\classfile\systemDictionary.cpp, line 210äÝy;þ?
Event: 1.889 Thread 0x0000000057cf1000 Exception <a 'java/lang/NoSuchMethodError': org.slf4j.impl.StaticMDCBinder.getSingleton()Lorg/slf4j/impl/StaticMDCBinder;> (0x00000000ec455188) thrown at [C:\re\workspace\8-2-build-windows-amd64-cygwin\jdk8u51\3951\hotspot\src\share\vm\interpreter\linkResoä`Æ–ãFþ?
Event: 1.892 Thread 0x0000000057cf1000 Implicit null exception at 0x0000000002ceb1c5 to 0x0000000002ceb391
Event: 1.893 Thread 0x0000000057cf1000 Implicit null exception at 0x0000000002de3daf to 0x0000000002de3e15

Events (10 events):
Event: 1.986 Thread 0x0000000057cf1000 DEOPT PACKING pc=0x0000000002de730c sp=0x00000000588ac1a0
Event: 1.986 Thread 0x0000000057cf1000 DEOPT UNPACKING pc=0x0000000002a6582a sp=0x00000000588ac130 mode 2
Event: 1.986 loading class org/codehaus/groovy/reflection/GroovyClassValuePreJava7$GroovyClassValuePreJava7Map
Event: 1.986 loading class org/codehaus/groovy/reflection/GroovyClassValuePreJava7$GroovyClassValuePreJava7Map done
Event: 1.987 loading class org/codehaus/groovy/util/ManagedConcurrentMap
Event: 1.987 loading class org/codehaus/groovy/util/ManagedConcurrentMap done
Event: 1.987 loading class org/codehaus/groovy/util/AbstractConcurrentMap
Event: 1.987 loading class org/codehaus/groovy/util/AbstractConcurrentMap done
Event: 1.988 loading class org/codehaus/groovy/util/AbstractConcurrentMapBase
Event: 1.988 loading class org/codehaus/groovy/util/AbstractConcurrentMapBase done


Dynamic libraries:
0x000000013f5c0000 - 0x000000013f5f7000 	C:\Program Files\Java\jre1.8.0_51\bin\javaw.exe
0x0000000077840000 - 0x00000000779e9000 	C:\Windows\SYSTEM32\ntdll.dll
0x0000000077720000 - 0x000000007783f000 	C:\Windows\system32\kernel32.dll
0x000007fefd630000 - 0x000007fefd69c000 	C:\Windows\system32\KERNELBASE.dll
0x000007fefdc40000 - 0x000007fefdd1b000 	C:\Windows\system32\ADVAPI32.dll
0x000007feff920000 - 0x000007feff9bf000 	C:\Windows\system32\msvcrt.dll
0x000007fefde70000 - 0x000007fefde8f000 	C:\Windows\SYSTEM32\sechost.dll
0x000007fefdb10000 - 0x000007fefdc3d000 	C:\Windows\system32\RPCRT4.dll
0x0000000077620000 - 0x000000007771a000 	C:\Windows\system32\USER32.dll
0x000007fefe0a0000 - 0x000007fefe107000 	C:\Windows\system32\GDI32.dll
0x000007fefdd20000 - 0x000007fefdd2e000 	C:\Windows\system32\LPK.dll
0x000007fefe6a0000 - 0x000007fefe769000 	C:\Windows\system32\USP10.dll
0x000007fefc1a0000 - 0x000007fefc394000 	C:\Windows\WinSxS\amd64_microsoft.windows.common-controls_6595b64144ccf1df_6.0.7601.18837_none_fa3b1e3d17594757\COMCTL32.dll
0x000007feff5a0000 - 0x000007feff611000 	C:\Windows\system32\SHLWAPI.dll
0x000007fefe490000 - 0x000007fefe4be000 	C:\Windows\system32\IMM32.DLL
0x000007fefd9b0000 - 0x000007fefdab9000 	C:\Windows\system32\MSCTF.dll
0x0000000062e80000 - 0x0000000062f52000 	C:\Program Files\Java\jre1.8.0_51\bin\msvcr100.dll
0x0000000061e50000 - 0x00000000626d3000 	C:\Program Files\Java\jre1.8.0_51\bin\server\jvm.dll
0x000007fedd5d0000 - 0x000007fedd5d9000 	C:\Windows\system32\WSOCK32.dll
0x000007fefdac0000 - 0x000007fefdb0d000 	C:\Windows\system32\WS2_32.dll
0x000007feff910000 - 0x000007feff918000 	C:\Windows\system32\NSI.dll
0x000007fef9a80000 - 0x000007fef9abb000 	C:\Windows\system32\WINMM.dll
0x000007fefc6c0000 - 0x000007fefc6cc000 	C:\Windows\system32\VERSION.dll
0x0000000077a10000 - 0x0000000077a17000 	C:\Windows\system32\PSAPI.DLL
0x0000000074e40000 - 0x0000000074e4f000 	C:\Program Files\Java\jre1.8.0_51\bin\verify.dll
0x0000000073bc0000 - 0x0000000073be9000 	C:\Program Files\Java\jre1.8.0_51\bin\java.dll
0x0000000073ba0000 - 0x0000000073bb6000 	C:\Program Files\Java\jre1.8.0_51\bin\zip.dll
0x000007fefe810000 - 0x000007feff599000 	C:\Windows\system32\SHELL32.dll
0x000007fefde90000 - 0x000007fefe093000 	C:\Windows\system32\ole32.dll
0x000007fefd600000 - 0x000007fefd60f000 	C:\Windows\system32\profapi.dll
0x0000000074e30000 - 0x0000000074e3d000 	C:\Program Files\Java\jre1.8.0_51\bin\management.dll
0x0000000073b80000 - 0x0000000073b9a000 	C:\Program Files\Java\jre1.8.0_51\bin\net.dll
0x000007fefcd90000 - 0x000007fefcde5000 	C:\Windows\system32\mswsock.dll
0x000007fefcd80000 - 0x000007fefcd87000 	C:\Windows\System32\wship6.dll
0x0000000073b60000 - 0x0000000073b71000 	C:\Program Files\Java\jre1.8.0_51\bin\nio.dll
0x000007fefb400000 - 0x000007fefb415000 	C:\Windows\system32\NLAapi.dll
0x000007fed9ee0000 - 0x000007fed9ef5000 	C:\Windows\system32\napinsp.dll
0x000007fed9ec0000 - 0x000007fed9ed9000 	C:\Windows\system32\pnrpnsp.dll
0x000007fefcc10000 - 0x000007fefcc6b000 	C:\Windows\system32\DNSAPI.dll
0x000007fedd550000 - 0x000007fedd55b000 	C:\Windows\System32\winrnr.dll
0x000007fedd340000 - 0x000007fedd350000 	C:\Windows\system32\wshbth.dll
0x000007fefc7b0000 - 0x000007fefc7b7000 	C:\Windows\System32\wshtcpip.dll
0x000007fefb2e0000 - 0x000007fefb307000 	C:\Windows\system32\IPHLPAPI.DLL
0x000007fefb2a0000 - 0x000007fefb2ab000 	C:\Windows\system32\WINNSI.DLL
0x000007fefa1e0000 - 0x000007fefa1e8000 	C:\Windows\system32\rasadhlp.dll
0x000007fefb090000 - 0x000007fefb0e3000 	C:\Windows\System32\fwpuclnt.dll
0x000007fefcdf0000 - 0x000007fefce08000 	C:\Windows\system32\CRYPTSP.dll
0x000007fefcaf0000 - 0x000007fefcb37000 	C:\Windows\system32\rsaenh.dll
0x000007fefd730000 - 0x000007fefd74e000 	C:\Windows\system32\USERENV.dll
0x000007fefd450000 - 0x000007fefd45f000 	C:\Windows\system32\CRYPTBASE.dll
0x000007fefaf80000 - 0x000007fefaf98000 	C:\Windows\system32\dhcpcsvc.DLL
0x000007fefaf60000 - 0x000007fefaf71000 	C:\Windows\system32\dhcpcsvc6.DLL
0x000007fed4280000 - 0x000007fed43a5000 	C:\Windows\system32\dbghelp.dll

VM Arguments:
jvm_args: -Dcom.sun.management.jmxremote -Dcom.sun.management.jmxremote.port=58190 -Dcom.sun.management.jmxremote.authenticate=false -Dcom.sun.management.jmxremote.ssl=false -Dspring.liveBeansView.mbeanDomain -Dspring.application.admin.enabled=true -Dfile.encoding=UTF-8 
java_command: id.posyandu.AplikasiPosyanduApplication --spring.output.ansi.enabled=always
java_class_path (initial): C:\Users\feda\Documents\NetBeansProjects\AplikasiPosyandu\target\classes;C:\Users\feda\.m2\repository\org\springframework\boot\spring-boot-starter\1.3.3.RELEASE\spring-boot-starter-1.3.3.RELEASE.jar;C:\Users\feda\.m2\repository\org\springframework\boot\spring-boot\1.3.3.RELEASE\spring-boot-1.3.3.RELEASE.jar;C:\Users\feda\.m2\repository\org\springframework\spring-context\4.2.5.RELEASE\spring-context-4.2.5.RELEASE.jar;C:\Users\feda\.m2\repository\org\springframework\boot\spring-boot-autoconfigure\1.3.3.RELEASE\spring-boot-autoconfigure-1.3.3.RELEASE.jar;C:\Users\feda\.m2\repository\org\springframework\boot\spring-boot-starter-logging\1.3.3.RELEASE\spring-boot-starter-logging-1.3.3.RELEASE.jar;C:\Users\feda\.m2\repository\ch\qos\logback\logback-classic\1.1.5\logback-classic-1.1.5.jar;C:\Users\feda\.m2\repository\ch\qos\logback\logback-core\1.1.5\logback-core-1.1.5.jar;C:\Users\feda\.m2\repository\org\slf4j\jcl-over-slf4j\1.7.16\jcl-over-slf4j-1.7.16.jar;C:\Users\feda\.m2\repository\org\slf4j\jul-to-slf4j\1.7.16\jul-to-slf4j-1.7.16.jar;C:\Users\feda\.m2\repository\org\slf4j\log4j-over-slf4j\1.7.16\log4j-over-slf4j-1.7.16.jar;C:\Users\feda\.m2\repository\org\springframework\spring-core\4.2.5.RELEASE\spring-core-4.2.5.RELEASE.jar;C:\Users\feda\.m2\repository\org\yaml\snakeyaml\1.16\snakeyaml-1.16.jar;C:\Users\feda\.m2\repository\org\springframework\boot\spring-boot-starter-data-jpa\1.3.3.RELEASE\spring-boot-starter-data-jpa-1.3.3.RELEASE.jar;C:\Users\feda\.m2\repository\org\springframework\boot\spring-boot-starter-aop\1.3.3.RELEASE\spring-boot-starter-aop-1.3.3.RELEASE.jar;C:\Users\feda\.m2\repository\org\springframework\spring-aop\4.2.5.RELEASE\spring-aop-4.2.5.RELEASE.jar;C:\Users\feda\.m2\repository\aopalliance\aopalliance\1.0\aopalliance-1.0.jar;C:\Users\feda\.m2\repository\org\aspectj\aspectjweaver\1.8.8\aspectjweaver-1.8.8.jar;C:\Users\feda\.m2\repository\org\springframework\boot\spring-boot-starter-jdbc\1.3.3.RELEASE\spring-boot-starter
Launcher Type: SUN_STANDARD

Environment Variables:
JAVA_HOME=C:\Program Files\Java\jdk1.8.0_45
PATH=C:/Program Files/Java/jre1.8.0_51/bin/server;C:/Program Files/Java/jre1.8.0_51/bin;C:/Program Files/Java/jre1.8.0_51/lib/amd64;C:\Program Files (x86)\Common Files\Intel\Shared Files\cpp\bin\Intel64;C:\ProgramData\Oracle\Java\javapath;C:\Program Files (x86)\AMD APP\bin\x86_64;C:\Program Files (x86)\AMD APP\bin\x86;C:\Windows\system32;C:\Windows;C:\Windows\System32\Wbem;C:\Windows\System32\WindowsPowerShell\v1.0\;C:\Program Files\Broadcom\Broadcom 802.11 Network Adapter\Driver;C:\Program Files (x86)\ATI Technologies\ATI.ACE\Core-Static;C:\Program Files (x86)\AMD\ATI.ACE\Core-Static;C:\Program Files\Java\jdk1.8.0_45\bin;C:\Program Files (x86)\Microsoft SQL Server\100\Tools\Binn\;C:\Program Files\Microsoft SQL Server\100\Tools\Binn\;C:\Program Files\Microsoft SQL Server\100\DTS\Binn\;C:\Program Files\Microsoft SQL Server\Client SDK\ODBC\110\Tools\Binn\;C:\Program Files (x86)\Microsoft SQL Server\120\Tools\Binn\;C:\Program Files\Microsoft SQL Server\120\Tools\Binn\;C:\Program Files\Microsoft SQL Server\120\DTS\Binn\;C:\Program Files (x86)\Microsoft SQL Server\120\Tools\Binn\ManagementStudio\;C:\Program Files (x86)\Microsoft SQL Server\120\DTS\Binn\;C:\xampp\php;C:\ProgramData\ComposerSetup\bin;C:\Program Files (x86)\Toshiba\Bluetooth Toshiba Stack\sys\;C:\Program Files (x86)\Toshiba\Bluetooth Toshiba Stack\sys\x64\;C:\Program Files\nodejs\;C:\Program Files\Git\cmd;C:\Users\feda\AppData\Roaming\npm;C:\Program Files\Java\jdk1.8.0_45\bin;D:\sts-bundle\sts-3.7.3.RELEASE;
USERNAME=feda
OS=Windows_NT
PROCESSOR_IDENTIFIER=Intel64 Family 6 Model 37 Stepping 5, GenuineIntel



---------------  S Y S T E M  ---------------

OS: Windows 7 , 64 bit Build 7601 (6.1.7601.18869)

CPU:total 4 (2 cores per cpu, 2 threads per core) family 6 model 37 stepping 5, cmov, cx8, fxsr, mmx, sse, sse2, sse3, ssse3, sse4.1, sse4.2, popcnt, ht, tsc, tscinvbit

Memory: 4k page, physical 4052848k(653756k free), swap 6148164k(5092k free)

vm_info: Java HotSpot(TM) 64-Bit Server VM (25.51-b03) for windows-amd64 JRE (1.8.0_51-b16), built on Jun  8 2015 18:03:07 by "java_re" with MS VC++ 10.0 (VS2010)

time: Mon Jun 06 14:19:32 2016
elapsed time: 2 seconds (0d 0h 0m 2s)

